Release 14.7 - xst P.20131013 (nt64)
Copyright (c) 1995-2013 Xilinx, Inc.  All rights reserved.
--> Parameter TMPDIR set to xst/projnav.tmp


Total REAL time to Xst completion: 0.00 secs
Total CPU time to Xst completion: 0.83 secs
 
--> Parameter xsthdpdir set to xst


Total REAL time to Xst completion: 0.00 secs
Total CPU time to Xst completion: 0.85 secs
 
--> Reading design: ALU.prj

TABLE OF CONTENTS
  1) Synthesis Options Summary
  2) HDL Parsing
  3) HDL Elaboration
  4) HDL Synthesis
       4.1) HDL Synthesis Report
  5) Advanced HDL Synthesis
       5.1) Advanced HDL Synthesis Report
  6) Low Level Synthesis
  7) Partition Report
  8) Design Summary
       8.1) Primitive and Black Box Usage
       8.2) Device utilization summary
       8.3) Partition Resource Summary
       8.4) Timing Report
            8.4.1) Clock Information
            8.4.2) Asynchronous Control Signals Information
            8.4.3) Timing Summary
            8.4.4) Timing Details
            8.4.5) Cross Clock Domains Report


=========================================================================
*                      Synthesis Options Summary                        *
=========================================================================
---- Source Parameters
Input File Name                    : "ALU.prj"
Ignore Synthesis Constraint File   : NO

---- Target Parameters
Output File Name                   : "ALU"
Output Format                      : NGC
Target Device                      : xc6slx45-3-csg484

---- Source Options
Top Module Name                    : ALU
Automatic FSM Extraction           : YES
FSM Encoding Algorithm             : Auto
Safe Implementation                : No
FSM Style                          : LUT
RAM Extraction                     : Yes
RAM Style                          : Auto
ROM Extraction                     : Yes
Shift Register Extraction          : YES
ROM Style                          : Auto
Resource Sharing                   : YES
Asynchronous To Synchronous        : NO
Shift Register Minimum Size        : 2
Use DSP Block                      : Auto
Automatic Register Balancing       : No

---- Target Options
LUT Combining                      : Auto
Reduce Control Sets                : Auto
Add IO Buffers                     : YES
Global Maximum Fanout              : 100000
Add Generic Clock Buffer(BUFG)     : 16
Register Duplication               : YES
Optimize Instantiated Primitives   : NO
Use Clock Enable                   : Auto
Use Synchronous Set                : Auto
Use Synchronous Reset              : Auto
Pack IO Registers into IOBs        : Auto
Equivalent register Removal        : YES

---- General Options
Optimization Goal                  : Speed
Optimization Effort                : 1
Power Reduction                    : NO
Keep Hierarchy                     : No
Netlist Hierarchy                  : As_Optimized
RTL Output                         : Yes
Global Optimization                : AllClockNets
Read Cores                         : YES
Write Timing Constraints           : NO
Cross Clock Analysis               : NO
Hierarchy Separator                : /
Bus Delimiter                      : <>
Case Specifier                     : Maintain
Slice Utilization Ratio            : 100
BRAM Utilization Ratio             : 100
DSP48 Utilization Ratio            : 100
Auto BRAM Packing                  : NO
Slice Utilization Ratio Delta      : 5

=========================================================================


=========================================================================
*                          HDL Parsing                                  *
=========================================================================
Analyzing Verilog file "F:\Documents\Verilog HDL\lab2\ALU.v" into library work
Parsing verilog file "defines.v" included at line 21.
Parsing module <ALU>.

=========================================================================
*                            HDL Elaboration                            *
=========================================================================

Elaborating module <ALU>.

=========================================================================
*                           HDL Synthesis                               *
=========================================================================

Synthesizing Unit <ALU>.
    Related source file is "F:\Documents\Verilog HDL\lab2\ALU.v".
    Found 32-bit subtractor for signal <SrcA[31]_SrcB[31]_sub_5_OUT> created at line 38.
    Found 32-bit adder for signal <SrcA[31]_SrcB[31]_add_3_OUT> created at line 37.
    Found 32-bit shifter logical left for signal <SrcA[31]_SrcB[4]_shift_left_8_OUT> created at line 42
    Found 32-bit shifter logical right for signal <SrcA[31]_SrcB[4]_shift_right_9_OUT> created at line 43
    Found 32-bit 8-to-1 multiplexer for signal <_n0051> created at line 27.
    Summary:
	inferred   1 Adder/Subtractor(s).
	inferred   7 Multiplexer(s).
	inferred   2 Combinational logic shifter(s).
Unit <ALU> synthesized.

=========================================================================
HDL Synthesis Report

Macro Statistics
# Adders/Subtractors                                   : 1
 32-bit addsub                                         : 1
# Multiplexers                                         : 7
 32-bit 2-to-1 multiplexer                             : 7
# Logic shifters                                       : 2
 32-bit shifter logical left                           : 1
 32-bit shifter logical right                          : 1
# Xors                                                 : 1
 32-bit xor2                                           : 1

=========================================================================
INFO:Xst:1767 - HDL ADVISOR - Resource sharing has identified that some arithmetic operations in this design can share the same physical resources for reduced device utilization. For improved clock frequency you may try to disable resource sharing.

=========================================================================
*                       Advanced HDL Synthesis                          *
=========================================================================


=========================================================================
Advanced HDL Synthesis Report

Macro Statistics
# Adders/Subtractors                                   : 1
 32-bit addsub                                         : 1
# Multiplexers                                         : 7
 32-bit 2-to-1 multiplexer                             : 7
# Logic shifters                                       : 2
 32-bit shifter logical left                           : 1
 32-bit shifter logical right                          : 1
# Xors                                                 : 1
 32-bit xor2                                           : 1

=========================================================================

=========================================================================
*                         Low Level Synthesis                           *
=========================================================================

Optimizing unit <ALU> ...

Mapping all equations...
Building and optimizing final netlist ...
Found area constraint ratio of 100 (+ 5) on block ALU, actual ratio is 1.

Final Macro Processing ...

=========================================================================
Final Register Report

Found no macro
=========================================================================

=========================================================================
*                           Partition Report                            *
=========================================================================

Partition Implementation Status
-------------------------------

  No Partitions were found in this design.

-------------------------------

=========================================================================
*                            Design Summary                             *
=========================================================================

Top Level Output File Name         : ALU.ngc

Primitive and Black Box Usage:
------------------------------
# BELS                             : 414
#      LUT2                        : 5
#      LUT3                        : 82
#      LUT4                        : 14
#      LUT5                        : 65
#      LUT6                        : 176
#      MUXCY                       : 31
#      MUXF7                       : 9
#      XORCY                       : 32
# IO Buffers                       : 101
#      IBUF                        : 68
#      OBUF                        : 33

Device utilization summary:
---------------------------

Selected Device : 6slx45csg484-3 


Slice Logic Utilization: 
 Number of Slice LUTs:                  342  out of  27288     1%  
    Number used as Logic:               342  out of  27288     1%  

Slice Logic Distribution: 
 Number of LUT Flip Flop pairs used:    342
   Number with an unused Flip Flop:     342  out of    342   100%  
   Number with an unused LUT:             0  out of    342     0%  
   Number of fully used LUT-FF pairs:     0  out of    342     0%  
   Number of unique control sets:         0

IO Utilization: 
 Number of IOs:                         101
 Number of bonded IOBs:                 101  out of    320    31%  

Specific Feature Utilization:

---------------------------
Partition Resource Summary:
---------------------------

  No Partitions were found in this design.

---------------------------


=========================================================================
Timing Report

NOTE: THESE TIMING NUMBERS ARE ONLY A SYNTHESIS ESTIMATE.
      FOR ACCURATE TIMING INFORMATION PLEASE REFER TO THE TRACE REPORT
      GENERATED AFTER PLACE-and-ROUTE.

Clock Information:
------------------
No clock signals found in this design

Asynchronous Control Signals Information:
----------------------------------------
No asynchronous control signals found in this design

Timing Summary:
---------------
Speed Grade: -3

   Minimum period: No path found
   Minimum input arrival time before clock: No path found
   Maximum output required time after clock: No path found
   Maximum combinational path delay: 14.747ns

Timing Details:
---------------
All values displayed in nanoseconds (ns)

=========================================================================
Timing constraint: Default path analysis
  Total number of paths / destination ports: 9132 / 33
-------------------------------------------------------------------------
Delay:               14.747ns (Levels of Logic = 12)
  Source:            SrcB<1> (PAD)
  Destination:       Zero (PAD)

  Data Path: SrcB<1> to Zero
                                Gate     Net
    Cell:in->out      fanout   Delay   Delay  Logical Name (Net Name)
    ----------------------------------------  ------------
     IBUF:I->O            82   1.222   2.103  SrcB_1_IBUF (SrcB_1_IBUF)
     LUT6:I1->O            2   0.203   0.721  Sh1101 (Sh110)
     LUT3:I1->O            2   0.203   0.961  Sh13811 (Sh1381)
     LUT6:I1->O            1   0.203   0.580  Mmux_ALURes42 (Mmux_ALURes41)
     LUT5:I4->O            1   0.205   0.684  Mmux_ALURes43 (Mmux_ALURes43)
     LUT5:I3->O            2   0.203   0.864  Mmux_ALURes45 (ALURes_10_OBUF)
     LUT4:I0->O            1   0.203   0.580  Zero<31>6 (Zero<31>5)
     LUT5:I4->O            1   0.205   0.684  Zero<31>7 (Zero<31>6)
     LUT6:I4->O            1   0.203   0.580  Zero<31>9_SW0_SW0 (N33)
     LUT6:I5->O            1   0.205   0.580  Zero<31>9_SW0 (N31)
     LUT6:I5->O            1   0.205   0.579  Zero<31>9 (Zero_OBUF)
     OBUF:I->O                 2.571          Zero_OBUF (Zero)
    ----------------------------------------
    Total                     14.747ns (5.831ns logic, 8.916ns route)
                                       (39.5% logic, 60.5% route)

=========================================================================

Cross Clock Domains Report:
--------------------------

=========================================================================


Total REAL time to Xst completion: 104.00 secs
Total CPU time to Xst completion: 104.81 secs
 
--> 

Total memory usage is 389692 kilobytes

Number of errors   :    0 (   0 filtered)
Number of warnings :    0 (   0 filtered)
Number of infos    :    1 (   0 filtered)

