Release 14.7 Map P.20131013 (nt64)
Xilinx Mapping Report File for Design 'Top'

Design Information
------------------
Command Line   : map -intstyle ise -p xc6slx45-csg484-3 -w -logic_opt off -ol
high -t 1 -xt 0 -register_duplication off -r 4 -global_opt off -mt off -ir off
-pr off -lc off -power off -o Top_map.ncd Top.ngd Top.pcf 
Target Device  : xc6slx45
Target Package : csg484
Target Speed   : -3
Mapper Version : spartan6 -- $Revision: 1.55 $
Mapped Date    : Thu Jan 18 17:56:49 2018

Design Summary
--------------
Number of errors   :   2
Number of warnings :   0

Section 1 - Errors
------------------
ERROR:Map:116 - The design is empty.  No processing will be done.
ERROR:Map:52 - Problem encountered processing RPMs. 

Section 2 - Warnings
--------------------
WARNING:Security:42 - Your software subscription period has lapsed. Your current
version of Xilinx tools will continue to function, but you no longer qualify for
Xilinx software updates or new releases.

Section 3 - Informational
-------------------------
INFO:Security:54 - 'xc6slx45' is a WebPack part.
